0 info it worked if it ends with ok
1 verbose cli [ 'C:\\Program Files\\nodejs\\node.exe',
1 verbose cli   'C:\\Users\\Lenovo\\AppData\\Roaming\\npm\\node_modules\\npm\\bin\\npm-cli.js',
1 verbose cli   'run',
1 verbose cli   'deploy' ]
2 info using npm@3.10.7
3 info using node@v4.5.0
4 verbose run-script [ 'predeploy', 'deploy', 'postdeploy' ]
5 info lifecycle reactWebpack@1.0.0~predeploy: reactWebpack@1.0.0
6 silly lifecycle reactWebpack@1.0.0~predeploy: no script for predeploy, continuing
7 info lifecycle reactWebpack@1.0.0~deploy: reactWebpack@1.0.0
8 verbose lifecycle reactWebpack@1.0.0~deploy: unsafe-perm in lifecycle true
9 verbose lifecycle reactWebpack@1.0.0~deploy: PATH: C:\Users\Lenovo\AppData\Roaming\npm\node_modules\npm\bin\node-gyp-bin;C:\Users\Lenovo\Desktop\reactWebpack\node_modules\.bin;C:\ProgramData\Oracle\Java\javapath;C:\Program Files (x86)\Intel\iCLS Client\;C:\Program Files\Intel\iCLS Client\;C:\windows\system32;C:\windows;C:\windows\System32\Wbem;C:\windows\System32\WindowsPowerShell\v1.0\;C:\Program Files (x86)\Intel\OpenCL SDK\3.0\bin\x86;C:\Program Files (x86)\Intel\OpenCL SDK\3.0\bin\x64;C:\Program Files\Intel\Intel(R) Management Engine Components\DAL;C:\Program Files\Intel\Intel(R) Management Engine Components\IPT;C:\Program Files (x86)\Intel\Intel(R) Management Engine Components\DAL;C:\Program Files (x86)\Intel\Intel(R) Management Engine Components\IPT;C:\ProgramData\Lenovo\ReadyApps;C:\Program Files (x86)\GtkSharp\2.12\bin;C:\Users\Lenovo\AppData\Local\Android\Sdk\tools;C:\Users\Lenovo\AppData\Local\Android\Sdk\platform-tools;C:\Program Files\nodejs\;C:\Program Files\MongoDB\Server\3.2\bin;C:\Users\Lenovo\AppData\Roaming\npm;C:\Program Files\MongoDB\Server\3.2\bin
10 verbose lifecycle reactWebpack@1.0.0~deploy: CWD: C:\Users\Lenovo\Desktop\reactWebpack
11 silly lifecycle reactWebpack@1.0.0~deploy: Args: [ '/d /s /c', 'gh-pages -d build' ]
12 silly lifecycle reactWebpack@1.0.0~deploy: Returned: code: 1  signal: null
13 info lifecycle reactWebpack@1.0.0~deploy: Failed to exec deploy script
14 verbose stack Error: reactWebpack@1.0.0 deploy: `gh-pages -d build`
14 verbose stack Exit status 1
14 verbose stack     at EventEmitter.<anonymous> (C:\Users\Lenovo\AppData\Roaming\npm\node_modules\npm\lib\utils\lifecycle.js:255:16)
14 verbose stack     at emitTwo (events.js:87:13)
14 verbose stack     at EventEmitter.emit (events.js:172:7)
14 verbose stack     at ChildProcess.<anonymous> (C:\Users\Lenovo\AppData\Roaming\npm\node_modules\npm\lib\utils\spawn.js:40:14)
14 verbose stack     at emitTwo (events.js:87:13)
14 verbose stack     at ChildProcess.emit (events.js:172:7)
14 verbose stack     at maybeClose (internal/child_process.js:829:16)
14 verbose stack     at Process.ChildProcess._handle.onexit (internal/child_process.js:211:5)
15 verbose pkgid reactWebpack@1.0.0
16 verbose cwd C:\Users\Lenovo\Desktop\reactWebpack
17 error Windows_NT 6.2.9200
18 error argv "C:\\Program Files\\nodejs\\node.exe" "C:\\Users\\Lenovo\\AppData\\Roaming\\npm\\node_modules\\npm\\bin\\npm-cli.js" "run" "deploy"
19 error node v4.5.0
20 error npm  v3.10.7
21 error code ELIFECYCLE
22 error reactWebpack@1.0.0 deploy: `gh-pages -d build`
22 error Exit status 1
23 error Failed at the reactWebpack@1.0.0 deploy script 'gh-pages -d build'.
23 error Make sure you have the latest version of node.js and npm installed.
23 error If you do, this is most likely a problem with the reactWebpack package,
23 error not with npm itself.
23 error Tell the author that this fails on your system:
23 error     gh-pages -d build
23 error You can get information on how to open an issue for this project with:
23 error     npm bugs reactWebpack
23 error Or if that isn't available, you can get their info via:
23 error     npm owner ls reactWebpack
23 error There is likely additional logging output above.
24 verbose exit [ 1, true ]
